[INFO] Scanning for projects...
[INFO] 
[INFO] ---------------------< com.ecommerce:user-service >---------------------
[INFO] Building User Service 1.0.0-SNAPSHOT
[INFO]   from pom.xml
[INFO] --------------------------------[ jar ]---------------------------------
[WARNING] The POM for com.ecommerce:common-utils:jar:1.0.0-SNAPSHOT is invalid, transitive dependencies (if any) will not be available: 3 problems were encountered while building the effective model for com.ecommerce:common-utils:1.0.0-SNAPSHOT
[ERROR] 'dependencies.dependency.version' for io.jsonwebtoken:jjwt-api:jar is missing. @ 
[ERROR] 'dependencies.dependency.version' for io.jsonwebtoken:jjwt-impl:jar is missing. @ 
[ERROR] 'dependencies.dependency.version' for io.jsonwebtoken:jjwt-jackson:jar is missing. @ 

[INFO] 
[INFO] --- clean:3.2.0:clean (default-clean) @ user-service ---
[INFO] Deleting /Users/software/Desktop/cart/user-service/target
[INFO] 
[INFO] --- resources:3.3.1:resources (default-resources) @ user-service ---
[WARNING] Using platform encoding (UTF-8 actually) to copy filtered resources, i.e. build is platform dependent!
[INFO] Copying 4 resources from src/main/resources to target/classes
[INFO] 
[INFO] --- compiler:3.11.0:compile (default-compile) @ user-service ---
[INFO] Changes detected - recompiling the module! :source
[WARNING] File encoding has not been set, using platform encoding UTF-8, i.e. build is platform dependent!
[INFO] Compiling 23 source files with javac [debug target 17] to target/classes
[WARNING] location of system modules is not set in conjunction with -source 17
  not setting the location of system modules may lead to class files that cannot run on JDK 17
    --release 17 is recommended instead of -source 17 -target 17 because it sets the location of system modules automatically
[INFO] 
[INFO] >>> spring-boot:3.1.5:run (default-cli) > test-compile @ user-service >>>
[INFO] 
[INFO] --- resources:3.3.1:resources (default-resources) @ user-service ---
[WARNING] Using platform encoding (UTF-8 actually) to copy filtered resources, i.e. build is platform dependent!
[INFO] Copying 4 resources from src/main/resources to target/classes
[INFO] 
[INFO] --- compiler:3.11.0:compile (default-compile) @ user-service ---
[INFO] Nothing to compile - all classes are up to date
[INFO] 
[INFO] --- resources:3.3.1:testResources (default-testResources) @ user-service ---
[WARNING] Using platform encoding (UTF-8 actually) to copy filtered resources, i.e. build is platform dependent!
[INFO] Copying 1 resource from src/test/resources to target/test-classes
[INFO] 
[INFO] --- compiler:3.11.0:testCompile (default-testCompile) @ user-service ---
[INFO] Changes detected - recompiling the module! :dependency
[WARNING] File encoding has not been set, using platform encoding UTF-8, i.e. build is platform dependent!
[INFO] Compiling 5 source files with javac [debug target 17] to target/test-classes
[WARNING] location of system modules is not set in conjunction with -source 17
  not setting the location of system modules may lead to class files that cannot run on JDK 17
    --release 17 is recommended instead of -source 17 -target 17 because it sets the location of system modules automatically
[INFO] 
[INFO] <<< spring-boot:3.1.5:run (default-cli) < test-compile @ user-service <<<
[INFO] 
[INFO] 
[INFO] --- spring-boot:3.1.5:run (default-cli) @ user-service ---
[INFO] Attaching agents: []

  .   ____          _            __ _ _
 /\\ / ___'_ __ _ _(_)_ __  __ _ \ \ \ \
( ( )\___ | '_ | '_| | '_ \/ _` | \ \ \ \
 \\/  ___)| |_)| | | | | || (_| |  ) ) ) )
  '  |____| .__|_| |_|_| |_\__, | / / / /
 =========|_|==============|___/=/_/_/_/
[32m :: Spring Boot :: [39m              [2m (v3.1.5)[0;39m

2025-08-22 12:09:05 - Starting UserServiceApplication using Java 23.0.1 with PID 40188 (/Users/software/Desktop/cart/user-service/target/classes started by software in /Users/software/Desktop/cart/user-service)
2025-08-22 12:09:05 - Running with Spring Boot v3.1.5, Spring v6.0.13
2025-08-22 12:09:05 - The following 1 profile is active: "dev"
2025-08-22 12:09:05 - Fetching config from server at : http://localhost:8888
2025-08-22 12:09:05 - Could not locate PropertySource ([ConfigServerConfigDataResource@3f3c966c uris = array<String>['http://localhost:8888'], optional = true, profiles = 'default']): Could not extract response: no suitable HttpMessageConverter found for response type [class org.springframework.cloud.config.environment.Environment] and content type [text/html;charset=UTF-8]
2025-08-22 12:09:05 - Fetching config from server at : http://localhost:8888
2025-08-22 12:09:05 - Could not locate PropertySource ([ConfigServerConfigDataResource@25243bc1 uris = array<String>['http://localhost:8888'], optional = true, profiles = 'dev']): Could not extract response: no suitable HttpMessageConverter found for response type [class org.springframework.cloud.config.environment.Environment] and content type [text/html;charset=UTF-8]
2025-08-22 12:09:05 - Fetching config from server at : http://localhost:8888
2025-08-22 12:09:05 - Could not locate PropertySource ([ConfigServerConfigDataResource@1e287667 uris = array<String>['http://localhost:8888'], optional = true, profiles = 'default']): Could not extract response: no suitable HttpMessageConverter found for response type [class org.springframework.cloud.config.environment.Environment] and content type [text/html;charset=UTF-8]
2025-08-22 12:09:06 - Multiple Spring Data modules found, entering strict repository configuration mode
2025-08-22 12:09:06 - Bootstrapping Spring Data JPA repositories in DEFAULT mode.
2025-08-22 12:09:06 - Finished Spring Data repository scanning in 129 ms. Found 2 JPA repository interfaces.
2025-08-22 12:09:06 - Multiple Spring Data modules found, entering strict repository configuration mode
2025-08-22 12:09:06 - Bootstrapping Spring Data Redis repositories in DEFAULT mode.
2025-08-22 12:09:06 - Spring Data Redis - Could not safely identify store assignment for repository candidate interface com.ecommerce.user.repository.AddressRepository; If you want this repository to be a Redis repository, consider annotating your entities with one of these annotations: org.springframework.data.redis.core.RedisHash (preferred), or consider extending one of the following types with your repository: org.springframework.data.keyvalue.repository.KeyValueRepository
2025-08-22 12:09:06 - Spring Data Redis - Could not safely identify store assignment for repository candidate interface com.ecommerce.user.repository.UserRepository; If you want this repository to be a Redis repository, consider annotating your entities with one of these annotations: org.springframework.data.redis.core.RedisHash (preferred), or consider extending one of the following types with your repository: org.springframework.data.keyvalue.repository.KeyValueRepository
2025-08-22 12:09:06 - Finished Spring Data repository scanning in 5 ms. Found 0 Redis repository interfaces.
2025-08-22 12:09:06 - BeanFactory id=80f604d9-17b0-3981-b820-2f851f841201
2025-08-22 12:09:07 - Tomcat initialized with port(s): 8082 (http)
2025-08-22 12:09:07 - Starting service [Tomcat]
2025-08-22 12:09:07 - Starting Servlet engine: [Apache Tomcat/10.1.15]
2025-08-22 12:09:07 - Initializing Spring embedded WebApplicationContext
2025-08-22 12:09:07 - Root WebApplicationContext: initialization completed in 2107 ms
2025-08-22 12:09:07 - Flyway Community Edition 9.16.3 by Redgate
2025-08-22 12:09:07 - See release notes here: https://rd.gt/416ObMi
2025-08-22 12:09:07 - 
2025-08-22 12:09:07 - HikariPool-1 - Starting...
2025-08-22 12:09:08 - HikariPool-1 - Added connection org.postgresql.jdbc.PgConnection@4ebed2b3
2025-08-22 12:09:08 - HikariPool-1 - Start completed.
2025-08-22 12:09:08 - Database: jdbc:postgresql://localhost:5432/e_com (PostgreSQL 14.18)
2025-08-22 12:09:08 - Successfully validated 3 migrations (execution time 00:00.019s)
2025-08-22 12:09:08 - Current version of schema "public": 3
2025-08-22 12:09:08 - Schema "public" has a version (3) that is newer than the latest available migration (2) !
2025-08-22 12:09:08 - Schema "public" is up to date. No migration necessary.
2025-08-22 12:09:08 - HHH000204: Processing PersistenceUnitInfo [name: default]
2025-08-22 12:09:08 - HHH000412: Hibernate ORM core version 6.2.13.Final
2025-08-22 12:09:08 - HHH000406: Using bytecode reflection optimizer
2025-08-22 12:09:08 - No LoadTimeWeaver setup: ignoring JPA class transformer
2025-08-22 12:09:08 - HHH90000025: PostgreSQLDialect does not need to be specified explicitly using 'hibernate.dialect' (remove the property setting and it will be selected by default)
2025-08-22 12:09:09 - HHH000489: No JTA platform available (set 'hibernate.transaction.jta.platform' to enable JTA platform integration)
2025-08-22 12:09:09 - Initialized JPA EntityManagerFactory for persistence unit 'default'
2025-08-22 12:09:10 - Hibernate is in classpath; If applicable, HQL parser will be used.
2025-08-22 12:09:10 - Using deprecated '-debug' fallback for parameter name resolution. Compile the affected code with '-parameters' instead or avoid its introspection: com.ecommerce.user.repository.AddressRepository
2025-08-22 12:09:10 - Using deprecated '-debug' fallback for parameter name resolution. Compile the affected code with '-parameters' instead or avoid its introspection: com.ecommerce.user.repository.UserRepository
2025-08-22 12:09:11 - spring.jpa.open-in-view is enabled by default. Therefore, database queries may be performed during view rendering. Explicitly configure spring.jpa.open-in-view to disable this warning
2025-08-22 12:09:11 - 

Using generated security password: 379a412b-8d92-471a-8afc-f5ff6add8c13

This generated password is for development use only. Your security configuration must be updated before running your application in production.

2025-08-22 12:09:12 - Exposing 3 endpoint(s) beneath base path '/actuator'
2025-08-22 12:09:12 - Will secure any request with [org.springframework.security.web.session.DisableEncodeUrlFilter@14c35a06, org.springframework.security.web.context.request.async.WebAsyncManagerIntegrationFilter@3cb4e32b, org.springframework.security.web.context.SecurityContextHolderFilter@720d007b, org.springframework.security.web.header.HeaderWriterFilter@74f782a5, org.springframework.security.web.authentication.logout.LogoutFilter@757908d8, com.ecommerce.user.config.JwtAuthenticationFilter@29866f6d, org.springframework.security.web.savedrequest.RequestCacheAwareFilter@44a03de5, org.springframework.security.web.servletapi.SecurityContextHolderAwareRequestFilter@689ef61d, org.springframework.security.web.authentication.AnonymousAuthenticationFilter@4cc69f5c, org.springframework.security.web.session.SessionManagementFilter@988f4d5, org.springframework.security.web.access.ExceptionTranslationFilter@40d6d07c, org.springframework.security.web.access.intercept.AuthorizationFilter@47bdfc41]
2025-08-22 12:09:12 - Eureka HTTP Client uses RestTemplate.
2025-08-22 12:09:12 - Spring Cloud LoadBalancer is currently working with the default cache. While this cache implementation is useful for development and tests, it's recommended to use Caffeine cache in production.You can switch to using Caffeine cache, by adding it and org.springframework.cache.caffeine.CaffeineCacheManager to the classpath.
2025-08-22 12:09:12 - Setting initial instance status as: STARTING
2025-08-22 12:09:13 - Initializing Eureka in region us-east-1
2025-08-22 12:09:13 - Resolving eureka endpoints via configuration
2025-08-22 12:09:13 - Disable delta property : false
2025-08-22 12:09:13 - Single vip registry refresh property : null
2025-08-22 12:09:13 - Force full registry fetch : false
2025-08-22 12:09:13 - Application is null : false
2025-08-22 12:09:13 - Registered Applications size is zero : true
2025-08-22 12:09:13 - Application version is -1: true
2025-08-22 12:09:13 - Getting all instance registry info from the eureka server
2025-08-22 12:09:13 - The response status is 200
2025-08-22 12:09:13 - Starting heartbeat executor: renew interval is: 30
2025-08-22 12:09:13 - InstanceInfoReplicator onDemand update allowed rate per min is 4
2025-08-22 12:09:13 - Discovery Client initialized at timestamp 1755844753292 with initial instances count: 2
2025-08-22 12:09:13 - Registering application USER-SERVICE with eureka with status UP
2025-08-22 12:09:13 - Saw local status change event StatusChangeEvent [timestamp=1755844753299, current=UP, previous=STARTING]
2025-08-22 12:09:13 - DiscoveryClient_USER-SERVICE/omni-blrmacp30.omnion.co.in:user-service:8082: registering service...
2025-08-22 12:09:13 - Tomcat started on port(s): 8082 (http) with context path ''
2025-08-22 12:09:13 - Updating port to 8082
2025-08-22 12:09:13 - ConsumerConfig values: 
	allow.auto.create.topics = true
	auto.commit.interval.ms = 5000
	auto.include.jmx.reporter = true
	auto.offset.reset = earliest
	bootstrap.servers = [localhost:9092]
	check.crcs = true
	client.dns.lookup = use_all_dns_ips
	client.id = consumer-user-service-group-1
	client.rack = 
	connections.max.idle.ms = 540000
	default.api.timeout.ms = 60000
	enable.auto.commit = false
	exclude.internal.topics = true
	fetch.max.bytes = 52428800
	fetch.max.wait.ms = 500
	fetch.min.bytes = 1
	group.id = user-service-group
	group.instance.id = null
	heartbeat.interval.ms = 3000
	interceptor.classes = []
	internal.leave.group.on.close = true
	internal.throw.on.fetch.stable.offset.unsupported = false
	isolation.level = read_uncommitted
	key.deserializer = class org.apache.kafka.common.serialization.StringDeserializer
	max.partition.fetch.bytes = 1048576
	max.poll.interval.ms = 300000
	max.poll.records = 500
	metadata.max.age.ms = 300000
	metric.reporters = []
	metrics.num.samples = 2
	metrics.recording.level = INFO
	metrics.sample.window.ms = 30000
	partition.assignment.strategy = [class org.apache.kafka.clients.consumer.RangeAssignor, class org.apache.kafka.clients.consumer.CooperativeStickyAssignor]
	receive.buffer.bytes = 65536
	reconnect.backoff.max.ms = 1000
	reconnect.backoff.ms = 50
	request.timeout.ms = 30000
	retry.backoff.ms = 100
	sasl.client.callback.handler.class = null
	sasl.jaas.config = null
	sasl.kerberos.kinit.cmd = /usr/bin/kinit
	sasl.kerberos.min.time.before.relogin = 60000
	sasl.kerberos.service.name = null
	sasl.kerberos.ticket.renew.jitter = 0.05
	sasl.kerberos.ticket.renew.window.factor = 0.8
	sasl.login.callback.handler.class = null
	sasl.login.class = null
	sasl.login.connect.timeout.ms = null
	sasl.login.read.timeout.ms = null
	sasl.login.refresh.buffer.seconds = 300
	sasl.login.refresh.min.period.seconds = 60
	sasl.login.refresh.window.factor = 0.8
	sasl.login.refresh.window.jitter = 0.05
	sasl.login.retry.backoff.max.ms = 10000
	sasl.login.retry.backoff.ms = 100
	sasl.mechanism = GSSAPI
	sasl.oauthbearer.clock.skew.seconds = 30
	sasl.oauthbearer.expected.audience = null
	sasl.oauthbearer.expected.issuer = null
	sasl.oauthbearer.jwks.endpoint.refresh.ms = 3600000
	sasl.oauthbearer.jwks.endpoint.retry.backoff.max.ms = 10000
	sasl.oauthbearer.jwks.endpoint.retry.backoff.ms = 100
	sasl.oauthbearer.jwks.endpoint.url = null
	sasl.oauthbearer.scope.claim.name = scope
	sasl.oauthbearer.sub.claim.name = sub
	sasl.oauthbearer.token.endpoint.url = null
	security.protocol = PLAINTEXT
	security.providers = null
	send.buffer.bytes = 131072
	session.timeout.ms = 45000
	socket.connection.setup.timeout.max.ms = 30000
	socket.connection.setup.timeout.ms = 10000
	ssl.cipher.suites = null
	ssl.enabled.protocols = [TLSv1.2, TLSv1.3]
	ssl.endpoint.identification.algorithm = https
	ssl.engine.factory.class = null
	ssl.key.password = null
	ssl.keymanager.algorithm = SunX509
	ssl.keystore.certificate.chain = null
	ssl.keystore.key = null
	ssl.keystore.location = null
	ssl.keystore.password = null
	ssl.keystore.type = JKS
	ssl.protocol = TLSv1.3
	ssl.provider = null
	ssl.secure.random.implementation = null
	ssl.trustmanager.algorithm = PKIX
	ssl.truststore.certificates = null
	ssl.truststore.location = null
	ssl.truststore.password = null
	ssl.truststore.type = JKS
	value.deserializer = class org.springframework.kafka.support.serializer.JsonDeserializer

2025-08-22 12:09:13 - DiscoveryClient_USER-SERVICE/omni-blrmacp30.omnion.co.in:user-service:8082 - registration status: 204
2025-08-22 12:09:13 - Kafka version: 3.4.1
2025-08-22 12:09:13 - Kafka commitId: 8a516edc2755df89
2025-08-22 12:09:13 - Kafka startTimeMs: 1755844753431
2025-08-22 12:09:13 - [Consumer clientId=consumer-user-service-group-1, groupId=user-service-group] Subscribed to topic(s): user-registration-topic
2025-08-22 12:09:13 - Started UserServiceApplication in 9.74 seconds (process running for 10.397)
2025-08-22 12:09:13 - [Consumer clientId=consumer-user-service-group-1, groupId=user-service-group] Resetting the last seen epoch of partition user-registration-topic-0 to 0 since the associated topicId changed from null to wj67NRBLSAiN-Y8JfY0hyQ
2025-08-22 12:09:13 - [Consumer clientId=consumer-user-service-group-1, groupId=user-service-group] Cluster ID: DDp3fM6RQvimH-ZznWne6Q
2025-08-22 12:09:13 - [Consumer clientId=consumer-user-service-group-1, groupId=user-service-group] Discovered group coordinator localhost:9092 (id: 2147483646 rack: null)
2025-08-22 12:09:13 - [Consumer clientId=consumer-user-service-group-1, groupId=user-service-group] (Re-)joining group
2025-08-22 12:09:13 - [Consumer clientId=consumer-user-service-group-1, groupId=user-service-group] Request joining group due to: need to re-join with the given member-id: consumer-user-service-group-1-bf58ea3e-4196-432e-af9e-f01cf6204849
2025-08-22 12:09:13 - [Consumer clientId=consumer-user-service-group-1, groupId=user-service-group] Request joining group due to: rebalance failed due to 'The group member needs to have a valid member id before actually entering a consumer group.' (MemberIdRequiredException)
2025-08-22 12:09:13 - [Consumer clientId=consumer-user-service-group-1, groupId=user-service-group] (Re-)joining group
2025-08-22 12:09:13 - [Consumer clientId=consumer-user-service-group-1, groupId=user-service-group] Successfully joined group with generation Generation{generationId=7, memberId='consumer-user-service-group-1-bf58ea3e-4196-432e-af9e-f01cf6204849', protocol='range'}
2025-08-22 12:09:13 - [Consumer clientId=consumer-user-service-group-1, groupId=user-service-group] Finished assignment for group at generation 7: {consumer-user-service-group-1-bf58ea3e-4196-432e-af9e-f01cf6204849=Assignment(partitions=[user-registration-topic-0])}
2025-08-22 12:09:13 - [Consumer clientId=consumer-user-service-group-1, groupId=user-service-group] Successfully synced group in generation Generation{generationId=7, memberId='consumer-user-service-group-1-bf58ea3e-4196-432e-af9e-f01cf6204849', protocol='range'}
2025-08-22 12:09:13 - [Consumer clientId=consumer-user-service-group-1, groupId=user-service-group] Notifying assignor about the new Assignment(partitions=[user-registration-topic-0])
2025-08-22 12:09:13 - [Consumer clientId=consumer-user-service-group-1, groupId=user-service-group] Adding newly assigned partitions: user-registration-topic-0
2025-08-22 12:09:13 - [Consumer clientId=consumer-user-service-group-1, groupId=user-service-group] Setting offset for partition user-registration-topic-0 to the committed offset FetchPosition{offset=10, offsetEpoch=Optional.empty, currentLeader=LeaderAndEpoch{leader=Optional[localhost:9092 (id: 1 rack: null)], epoch=0}}
2025-08-22 12:09:13 - user-service-group: partitions assigned: [user-registration-topic-0]
2025-08-22 12:09:31 - Received user registration event: com.ecommerce.auth.entity.UserCredential@18f1e9e7 from topic: user-registration-topic, partition: 0, offset: 10
2025-08-22 12:09:31 - 
    /* select
        count(*) 
    from
        User x 
    WHERE
        x.id = :id */ select
            count(*) 
        from
            users u1_0 
        where
            u1_0.id=?
2025-08-22 12:09:31 - 
    select
        u1_0.id,
        u1_0.active,
        a1_0.user_id,
        a1_0.id,
        a1_0.address_line_1,
        a1_0.address_line_2,
        a1_0.city,
        a1_0.country,
        a1_0.created_at,
        a1_0.is_default,
        a1_0.label,
        a1_0.postal_code,
        a1_0.state,
        a1_0.type,
        a1_0.updated_at,
        u1_0.created_at,
        u1_0.date_of_birth,
        u1_0.email,
        u1_0.email_verified,
        u1_0.first_name,
        u1_0.gender,
        u1_0.last_login_at,
        u1_0.last_name,
        u1_0.phone_number,
        u1_0.phone_verified,
        u1_0.profile_image_url,
        u1_0.updated_at,
        u1_0.username 
    from
        users u1_0 
    left join
        addresses a1_0 
            on u1_0.id=a1_0.user_id 
    where
        u1_0.id=?
2025-08-22 12:09:31 - Successfully created user profile for user ID: d2fba5ee-c585-448c-bf69-eb076d4c63b9 with username: synctest1755844770
2025-08-22 12:09:31 - 
    /* insert for
        com.ecommerce.user.entity.User */insert 
    into
        users (active,created_at,date_of_birth,email,email_verified,first_name,gender,last_login_at,last_name,phone_number,phone_verified,profile_image_url,updated_at,username,id) 
    values
        (?,?,?,?,?,?,?,?,?,?,?,?,?,?,?)
2025-08-22 12:09:34 - Initializing Spring DispatcherServlet 'dispatcherServlet'
2025-08-22 12:09:34 - Initializing Servlet 'dispatcherServlet'
2025-08-22 12:09:34 - Completed initialization in 1 ms
2025-08-22 12:09:34 - Securing GET /users/d2fba5ee-c585-448c-bf69-eb076d4c63b9
2025-08-22 12:09:34 - Set authentication from gateway headers for user: synctest1755844770 with role: CUSTOMER
2025-08-22 12:09:34 - Secured GET /users/d2fba5ee-c585-448c-bf69-eb076d4c63b9
2025-08-22 12:09:34 - Using deprecated '-debug' fallback for parameter name resolution. Compile the affected code with '-parameters' instead or avoid its introspection: com.ecommerce.user.controller.UserController
2025-08-22 12:09:34 - Authorizing method invocation ReflectiveMethodInvocation: public org.springframework.http.ResponseEntity com.ecommerce.user.controller.UserController.getUserById(java.lang.String); target is of class [com.ecommerce.user.controller.UserController]
2025-08-22 12:09:34 - Using deprecated '-debug' fallback for parameter name resolution. Compile the affected code with '-parameters' instead or avoid its introspection: com.ecommerce.user.controller.UserController
2025-08-22 12:09:34 - Authorized method invocation ReflectiveMethodInvocation: public org.springframework.http.ResponseEntity com.ecommerce.user.controller.UserController.getUserById(java.lang.String); target is of class [com.ecommerce.user.controller.UserController]
2025-08-22 12:09:34 - Fetching user by ID: d2fba5ee-c585-448c-bf69-eb076d4c63b9
2025-08-22 12:09:34 - Fetching user by ID: d2fba5ee-c585-448c-bf69-eb076d4c63b9
2025-08-22 12:09:34 - 
    select
        u1_0.id,
        u1_0.active,
        u1_0.created_at,
        u1_0.date_of_birth,
        u1_0.email,
        u1_0.email_verified,
        u1_0.first_name,
        u1_0.gender,
        u1_0.last_login_at,
        u1_0.last_name,
        u1_0.phone_number,
        u1_0.phone_verified,
        u1_0.profile_image_url,
        u1_0.updated_at,
        u1_0.username 
    from
        users u1_0 
    where
        u1_0.id=?
2025-08-22 12:09:34 - 
    select
        a1_0.user_id,
        a1_0.id,
        a1_0.address_line_1,
        a1_0.address_line_2,
        a1_0.city,
        a1_0.country,
        a1_0.created_at,
        a1_0.is_default,
        a1_0.label,
        a1_0.postal_code,
        a1_0.state,
        a1_0.type,
        a1_0.updated_at 
    from
        addresses a1_0 
    where
        a1_0.user_id=?
2025-08-22 12:13:04 - Received user registration event: com.ecommerce.auth.entity.UserCredential@3ecc32c1 from topic: user-registration-topic, partition: 0, offset: 11
2025-08-22 12:13:04 - 
    /* select
        count(*) 
    from
        User x 
    WHERE
        x.id = :id */ select
            count(*) 
        from
            users u1_0 
        where
            u1_0.id=?
2025-08-22 12:13:04 - 
    select
        u1_0.id,
        u1_0.active,
        a1_0.user_id,
        a1_0.id,
        a1_0.address_line_1,
        a1_0.address_line_2,
        a1_0.city,
        a1_0.country,
        a1_0.created_at,
        a1_0.is_default,
        a1_0.label,
        a1_0.postal_code,
        a1_0.state,
        a1_0.type,
        a1_0.updated_at,
        u1_0.created_at,
        u1_0.date_of_birth,
        u1_0.email,
        u1_0.email_verified,
        u1_0.first_name,
        u1_0.gender,
        u1_0.last_login_at,
        u1_0.last_name,
        u1_0.phone_number,
        u1_0.phone_verified,
        u1_0.profile_image_url,
        u1_0.updated_at,
        u1_0.username 
    from
        users u1_0 
    left join
        addresses a1_0 
            on u1_0.id=a1_0.user_id 
    where
        u1_0.id=?
2025-08-22 12:13:04 - Successfully created user profile for user ID: 2eaac108-9fca-4532-8991-5d3c19a59360 with username: synctest1755844984
2025-08-22 12:13:04 - 
    /* insert for
        com.ecommerce.user.entity.User */insert 
    into
        users (active,created_at,date_of_birth,email,email_verified,first_name,gender,last_login_at,last_name,phone_number,phone_verified,profile_image_url,updated_at,username,id) 
    values
        (?,?,?,?,?,?,?,?,?,?,?,?,?,?,?)
2025-08-22 12:13:07 - Securing GET /users/2eaac108-9fca-4532-8991-5d3c19a59360
2025-08-22 12:13:07 - Set authentication from gateway headers for user: synctest1755844984 with role: CUSTOMER
2025-08-22 12:13:07 - Secured GET /users/2eaac108-9fca-4532-8991-5d3c19a59360
2025-08-22 12:13:07 - Authorizing method invocation ReflectiveMethodInvocation: public org.springframework.http.ResponseEntity com.ecommerce.user.controller.UserController.getUserById(java.lang.String); target is of class [com.ecommerce.user.controller.UserController]
2025-08-22 12:13:07 - Authorized method invocation ReflectiveMethodInvocation: public org.springframework.http.ResponseEntity com.ecommerce.user.controller.UserController.getUserById(java.lang.String); target is of class [com.ecommerce.user.controller.UserController]
2025-08-22 12:13:07 - Fetching user by ID: 2eaac108-9fca-4532-8991-5d3c19a59360
2025-08-22 12:13:07 - Fetching user by ID: 2eaac108-9fca-4532-8991-5d3c19a59360
2025-08-22 12:13:07 - 
    select
        u1_0.id,
        u1_0.active,
        u1_0.created_at,
        u1_0.date_of_birth,
        u1_0.email,
        u1_0.email_verified,
        u1_0.first_name,
        u1_0.gender,
        u1_0.last_login_at,
        u1_0.last_name,
        u1_0.phone_number,
        u1_0.phone_verified,
        u1_0.profile_image_url,
        u1_0.updated_at,
        u1_0.username 
    from
        users u1_0 
    where
        u1_0.id=?
2025-08-22 12:13:07 - 
    select
        a1_0.user_id,
        a1_0.id,
        a1_0.address_line_1,
        a1_0.address_line_2,
        a1_0.city,
        a1_0.country,
        a1_0.created_at,
        a1_0.is_default,
        a1_0.label,
        a1_0.postal_code,
        a1_0.state,
        a1_0.type,
        a1_0.updated_at 
    from
        addresses a1_0 
    where
        a1_0.user_id=?
2025-08-22 12:13:08 - Securing GET /users/2eaac108-9fca-4532-8991-5d3c19a59360
2025-08-22 12:13:08 - Set authentication from gateway headers for user: synctest1755844984 with role: CUSTOMER
2025-08-22 12:13:08 - Secured GET /users/2eaac108-9fca-4532-8991-5d3c19a59360
2025-08-22 12:13:08 - Authorizing method invocation ReflectiveMethodInvocation: public org.springframework.http.ResponseEntity com.ecommerce.user.controller.UserController.getUserById(java.lang.String); target is of class [com.ecommerce.user.controller.UserController]
2025-08-22 12:13:08 - Authorized method invocation ReflectiveMethodInvocation: public org.springframework.http.ResponseEntity com.ecommerce.user.controller.UserController.getUserById(java.lang.String); target is of class [com.ecommerce.user.controller.UserController]
2025-08-22 12:13:08 - Fetching user by ID: 2eaac108-9fca-4532-8991-5d3c19a59360
2025-08-22 12:13:08 - Fetching user by ID: 2eaac108-9fca-4532-8991-5d3c19a59360
2025-08-22 12:13:08 - 
    select
        u1_0.id,
        u1_0.active,
        u1_0.created_at,
        u1_0.date_of_birth,
        u1_0.email,
        u1_0.email_verified,
        u1_0.first_name,
        u1_0.gender,
        u1_0.last_login_at,
        u1_0.last_name,
        u1_0.phone_number,
        u1_0.phone_verified,
        u1_0.profile_image_url,
        u1_0.updated_at,
        u1_0.username 
    from
        users u1_0 
    where
        u1_0.id=?
2025-08-22 12:13:08 - 
    select
        a1_0.user_id,
        a1_0.id,
        a1_0.address_line_1,
        a1_0.address_line_2,
        a1_0.city,
        a1_0.country,
        a1_0.created_at,
        a1_0.is_default,
        a1_0.label,
        a1_0.postal_code,
        a1_0.state,
        a1_0.type,
        a1_0.updated_at 
    from
        addresses a1_0 
    where
        a1_0.user_id=?
2025-08-22 12:14:13 - Resolving eureka endpoints via configuration
2025-08-22 12:14:13 - DiscoveryClient_USER-SERVICE/omni-blrmacp30.omnion.co.in:user-service:8082 - Re-registering apps/USER-SERVICE
2025-08-22 12:14:13 - DiscoveryClient_USER-SERVICE/omni-blrmacp30.omnion.co.in:user-service:8082: registering service...
2025-08-22 12:14:13 - DiscoveryClient_USER-SERVICE/omni-blrmacp30.omnion.co.in:user-service:8082 - registration status: 204
2025-08-22 12:14:45 - Unregistering application USER-SERVICE with eureka with status DOWN
2025-08-22 12:14:45 - Saw local status change event StatusChangeEvent [timestamp=1755845085106, current=DOWN, previous=UP]
2025-08-22 12:14:45 - DiscoveryClient_USER-SERVICE/omni-blrmacp30.omnion.co.in:user-service:8082: registering service...
2025-08-22 12:14:45 - [Consumer clientId=consumer-user-service-group-1, groupId=user-service-group] Revoke previously assigned partitions user-registration-topic-0
2025-08-22 12:14:45 - user-service-group: partitions revoked: [user-registration-topic-0]
2025-08-22 12:14:45 - [Consumer clientId=consumer-user-service-group-1, groupId=user-service-group] Member consumer-user-service-group-1-bf58ea3e-4196-432e-af9e-f01cf6204849 sending LeaveGroup request to coordinator localhost:9092 (id: 2147483646 rack: null) due to the consumer unsubscribed from all topics
2025-08-22 12:14:45 - [Consumer clientId=consumer-user-service-group-1, groupId=user-service-group] Resetting generation and member id due to: consumer pro-actively leaving the group
2025-08-22 12:14:45 - [Consumer clientId=consumer-user-service-group-1, groupId=user-service-group] Request joining group due to: consumer pro-actively leaving the group
2025-08-22 12:14:45 - [Consumer clientId=consumer-user-service-group-1, groupId=user-service-group] Unsubscribed all topics or patterns and assigned partitions
2025-08-22 12:14:45 - DiscoveryClient_USER-SERVICE/omni-blrmacp30.omnion.co.in:user-service:8082 - registration status: 204
2025-08-22 12:14:45 - [Consumer clientId=consumer-user-service-group-1, groupId=user-service-group] Resetting generation and member id due to: consumer pro-actively leaving the group
2025-08-22 12:14:45 - [Consumer clientId=consumer-user-service-group-1, groupId=user-service-group] Request joining group due to: consumer pro-actively leaving the group
2025-08-22 12:14:45 - Metrics scheduler closed
2025-08-22 12:14:45 - Closing reporter org.apache.kafka.common.metrics.JmxReporter
2025-08-22 12:14:45 - Metrics reporters closed
2025-08-22 12:14:45 - App info kafka.consumer for consumer-user-service-group-1 unregistered
2025-08-22 12:14:45 - user-service-group: Consumer stopped
2025-08-22 12:14:45 - Closing JPA EntityManagerFactory for persistence unit 'default'
2025-08-22 12:14:45 - HikariPool-1 - Shutdown initiated...
2025-08-22 12:14:45 - HikariPool-1 - Shutdown completed.
2025-08-22 12:14:45 - Shutting down DiscoveryClient ...
2025-08-22 12:14:48 - Unregistering ...
2025-08-22 12:14:48 - DiscoveryClient_USER-SERVICE/omni-blrmacp30.omnion.co.in:user-service:8082 - deregister  status: 200
2025-08-22 12:14:48 - Completed shut down of DiscoveryClient
[INFO] ------------------------------------------------------------------------
[INFO] BUILD FAILURE
[INFO] ------------------------------------------------------------------------
[INFO] Total time:  05:52 min
[INFO] Finished at: 2025-08-22T12:14:48+05:30
[INFO] ------------------------------------------------------------------------
[ERROR] Failed to execute goal org.springframework.boot:spring-boot-maven-plugin:3.1.5:run (default-cli) on project user-service: Process terminated with exit code: 143 -> [Help 1]
[ERROR] 
[ERROR] To see the full stack trace of the errors, re-run Maven with the -e switch.
[ERROR] Re-run Maven using the -X switch to enable full debug logging.
[ERROR] 
[ERROR] For more information about the errors and possible solutions, please read the following articles:
[ERROR] [Help 1] http://cwiki.apache.org/confluence/display/MAVEN/MojoExecutionException
